Build started 11/16/2018 1:38:52 PM.
     1>Project "c:\Users\inam baig\documents\visual studio 2013\Projects\Project14\Project14\Project14.vcxproj" on node 2 (Build target(s)).
     1>ClCompile:
         C:\Program Files (x86)\Microsoft Visual Studio 12.0\VC\bin\CL.exe /c /ZI /nologo /W3 /WX- /sdl /Od /Oy- /D _MBCS /Gm /EHsc /RTC1 /MDd /GS /fp:precise /Zc:wchar_t /Zc:forScope /Fo"Debug\\" /Fd"Debug\vc120.pdb" /Gd /TC /analyze- /errorReport:prompt BST.c
         BST.c
     1>c:\users\inam baig\documents\visual studio 2013\projects\project14\project14\bst.c(14): warning C4013: 'strcmp' undefined; assuming extern returning int
     1>c:\users\inam baig\documents\visual studio 2013\projects\project14\project14\bst.c(107): warning C4013: 'strdup' undefined; assuming extern returning int
     1>c:\users\inam baig\documents\visual studio 2013\projects\project14\project14\bst.c(107): warning C4047: 'function' : 'char *' differs in levels of indirection from 'int'
     1>c:\users\inam baig\documents\visual studio 2013\projects\project14\project14\bst.c(107): warning C4024: 'insert' : different types for formal and actual parameter 1
     1>c:\users\inam baig\documents\visual studio 2013\projects\project14\project14\bst.c(136): warning C4047: 'function' : 'BSTObj **' differs in levels of indirection from 'BSTObj *'
     1>c:\users\inam baig\documents\visual studio 2013\projects\project14\project14\bst.c(136): warning C4024: 'makeEmpty' : different types for formal and actual parameter 1
     1>c:\users\inam baig\documents\visual studio 2013\projects\project14\project14\bst.c(137): warning C4047: 'function' : 'BSTObj **' differs in levels of indirection from 'BSTObj *'
     1>c:\users\inam baig\documents\visual studio 2013\projects\project14\project14\bst.c(137): warning C4024: 'makeEmpty' : different types for formal and actual parameter 1
     1>c:\users\inam baig\documents\visual studio 2013\projects\project14\project14\bst.c(124): warning C4716: 'copyTree' : must return a value
       Link:
         C:\Program Files (x86)\Microsoft Visual Studio 12.0\VC\bin\link.exe /ERRORREPORT:PROMPT /OUT:"c:\users\inam baig\documents\visual studio 2013\Projects\Project14\Debug\Project14.exe" /INCREMENTAL /NOLOGO kernel32.lib user32.lib gdi32.lib winspool.lib comdlg32.lib advapi32.lib shell32.lib ole32.lib oleaut32.lib uuid.lib odbc32.lib odbccp32.lib /MANIFEST /MANIFESTUAC:"level='asInvoker' uiAccess='false'" /manifest:embed /DEBUG /PDB:"c:\users\inam baig\documents\visual studio 2013\Projects\Project14\Debug\Project14.pdb" /TLBID:1 /DYNAMICBASE /NXCOMPAT /IMPLIB:"c:\users\inam baig\documents\visual studio 2013\Projects\Project14\Debug\Project14.lib" /MACHINE:X86 Debug\BST.obj
         Debug\BSTClient.obj
         Project14.vcxproj -> c:\users\inam baig\documents\visual studio 2013\Projects\Project14\Debug\Project14.exe
     1>Done Building Project "c:\Users\inam baig\documents\visual studio 2013\Projects\Project14\Project14\Project14.vcxproj" (Build target(s)).

Build succeeded.

Time Elapsed 00:00:00.45
